<?xml version="1.0" encoding="utf-8"?><testsuites name="pytest tests"><testsuite name="pytest" errors="0" failures="0" skipped="0" tests="32" time="44.823" timestamp="2026-06-26T03:50:00.669006+00:00" hostname="agent-env-fb96cf10-691d-49f5-bec9-06a411b05de3"><testcase classname="tests.test_chatmaroc_api" name="test_root" time="0.168" /><testcase classname="tests.test_chatmaroc_api" name="test_languages" time="0.053" /><testcase classname="tests.test_chatmaroc_api" name="test_chat_sse_stream" time="1.987" /><testcase classname="tests.test_chatmaroc_api" name="test_chat_empty_message" time="0.098" /><testcase classname="tests.test_chatmaroc_api" name="test_get_messages_after_chat" time="1.053" /><testcase classname="tests.test_chatmaroc_api" name="test_process_sign_language" time="0.129" /><testcase classname="tests.test_chatmaroc_api" name="test_process_sign_language_empty" time="0.041" /><testcase classname="tests.test_chatmaroc_api" name="test_transcribe_endpoint_reachable" time="0.440" /><testcase classname="tests.test_chatmaroc_api" name="test_tts_basic" time="1.358" /><testcase classname="tests.test_chatmaroc_api" name="test_tts_empty" time="0.046" /><testcase classname="tests.test_chatmaroc_api" name="test_tts_custom_voice" time="1.128" /><testcase classname="tests.test_chatmaroc_api" name="test_clear_messages" time="0.103" /><testcase classname="tests.test_chatmaroc_api" name="test_create_conversation" time="0.048" /><testcase classname="tests.test_chatmaroc_api" name="test_list_conversations" time="1.111" /><testcase classname="tests.test_chatmaroc_api" name="test_chat_auto_titles_conversation" time="13.698" /><testcase classname="tests.test_chatmaroc_api" name="test_rename_conversation" time="0.098" /><testcase classname="tests.test_chatmaroc_api" name="test_rename_conversation_truncates" time="0.085" /><testcase classname="tests.test_chatmaroc_api" name="test_delete_conversation_and_messages" time="0.217" /><testcase classname="tests.test_chatmaroc_api" name="test_features_endpoint" time="0.046" /><testcase classname="tests.test_chatmaroc_api" name="test_web_search_chat_streams_sources_and_answer" time="16.347" /><testcase classname="tests.test_chatmaroc_api" name="test_web_search_chat_empty" time="0.043" /><testcase classname="tests.test_chatmaroc_api" name="test_chat_with_file_text" time="2.395" /><testcase classname="tests.test_chatmaroc_api" name="test_chat_with_file_png" time="0.966" /><testcase classname="tests.test_chatmaroc_api" name="test_chat_with_file_unsupported_type" time="0.141" /><testcase classname="tests.test_chatmaroc_api" name="test_chat_with_file_empty" time="0.045" /><testcase classname="tests.test_chatmaroc_api" name="test_get_settings_default_shape" time="0.044" /><testcase classname="tests.test_chatmaroc_api" name="test_put_settings_persists_and_clamps" time="0.265" /><testcase classname="tests.test_chatmaroc_api" name="test_admin_cleanup_uploads" time="0.047" /><testcase classname="tests.test_chatmaroc_api" name="test_cleanup_new_feature_sessions" time="0.092" /><testcase classname="tests.test_chatmaroc_api" name="test_share_unshare_shared_flow" time="1.747" /><testcase classname="tests.test_chatmaroc_api" name="test_share_nonexistent_conversation" time="0.043" /><testcase classname="tests.test_chatmaroc_api" name="test_cleanup_remaining_conversations" time="0.213" /></testsuite></testsuites>