<?xml version="1.0" encoding="utf-8"?><testsuites name="pytest tests"><testsuite name="pytest" errors="0" failures="0" skipped="0" tests="12" time="7.269" timestamp="2026-06-26T01:10:24.729374+00:00" hostname="agent-env-fb96cf10-691d-49f5-bec9-06a411b05de3"><testcase classname="tests.test_chatmaroc_api" name="test_root" time="0.263" /><testcase classname="tests.test_chatmaroc_api" name="test_languages" time="0.055" /><testcase classname="tests.test_chatmaroc_api" name="test_chat_sse_stream" time="2.443" /><testcase classname="tests.test_chatmaroc_api" name="test_chat_empty_message" time="0.123" /><testcase classname="tests.test_chatmaroc_api" name="test_get_messages_after_chat" time="1.072" /><testcase classname="tests.test_chatmaroc_api" name="test_process_sign_language" time="0.126" /><testcase classname="tests.test_chatmaroc_api" name="test_process_sign_language_empty" time="0.070" /><testcase classname="tests.test_chatmaroc_api" name="test_transcribe_endpoint_reachable" time="0.426" /><testcase classname="tests.test_chatmaroc_api" name="test_tts_basic" time="1.088" /><testcase classname="tests.test_chatmaroc_api" name="test_tts_empty" time="0.052" /><testcase classname="tests.test_chatmaroc_api" name="test_tts_custom_voice" time="0.781" /><testcase classname="tests.test_chatmaroc_api" name="test_clear_messages" time="0.158" /></testsuite></testsuites>